<?xml version="1.0" encoding="utf-8"?><testsuite errors="0" failures="3" name="pytest" skips="0" tests="14" time="128.309"><testcase classname="tests.test_bell_detection" name="test_classifier_simple" time="0.0549387931824"><system-out>CLF is SVC(C=1.0, cache_size=200, class_weight=None, coef0=0.0, degree=3, gamma=0.0,
  kernel=&apos;rbf&apos;, max_iter=-1, probability=True, random_state=None,
  shrinking=True, tol=0.001, verbose=False)
</system-out></testcase><testcase classname="tests.test_bell_detection" name="test_bell_detection[False]" time="7.18032097816"><system-out>CLF is SVC(C=1.0, cache_size=200, class_weight=None, coef0=0.0, degree=3, gamma=0.0,
  kernel=&apos;rbf&apos;, max_iter=-1, probability=True, random_state=None,
  shrinking=True, tol=0.001, verbose=False)
warning file /home/lgeorge/fastSSD/projects/protolab/sound_recognition/recognition_application/tests/dataset_aldebaran_6sounds.tar.gz?dl=0_directory/DeskBell-025-Romeo.wav, wrong fs 44100, using it.. please remove the file if you don&apos;t want
warning file /home/lgeorge/fastSSD/projects/protolab/sound_recognition/recognition_application/tests/dataset_aldebaran_6sounds.tar.gz?dl=0_directory/DeskBell-023-Romeo.wav, wrong fs 44100, using it.. please remove the file if you don&apos;t want
warning file /home/lgeorge/fastSSD/projects/protolab/sound_recognition/recognition_application/tests/dataset_aldebaran_6sounds.tar.gz?dl=0_directory/DeskBell-024-Romeo.wav, wrong fs 44100, using it.. please remove the file if you don&apos;t want
</system-out><system-err>2015-09-01 16:08:28 URL:https://dl.dropboxusercontent.com/content_link/4COsci0pM68TvbD71CuIXYei2OCWd7IxvEGAkwRIkbFVFtE82JVFCo1OjeD0RNSH [1900588/1900588] -&gt; &quot;/home/lgeorge/fastSSD/projects/protolab/sound_recognition/recognition_application/tests/bell_test.wav?dl=0&quot; [1]
</system-err></testcase><testcase classname="tests.test_bell_detection" name="test_bell_detection[True]" time="15.0716691017"><system-out>CLF is SVC(C=1.0, cache_size=200, class_weight=None, coef0=0.0, degree=3, gamma=0.0,
  kernel=&apos;rbf&apos;, max_iter=-1, probability=True, random_state=None,
  shrinking=True, tol=0.001, verbose=False)
warning file /home/lgeorge/fastSSD/projects/protolab/sound_recognition/recognition_application/tests/dataset_aldebaran_6sounds.tar.gz?dl=0_directory/DeskBell-025-Romeo.wav, wrong fs 44100, using it.. please remove the file if you don&apos;t want
warning file /home/lgeorge/fastSSD/projects/protolab/sound_recognition/recognition_application/tests/dataset_aldebaran_6sounds.tar.gz?dl=0_directory/DeskBell-023-Romeo.wav, wrong fs 44100, using it.. please remove the file if you don&apos;t want
warning file /home/lgeorge/fastSSD/projects/protolab/sound_recognition/recognition_application/tests/dataset_aldebaran_6sounds.tar.gz?dl=0_directory/DeskBell-024-Romeo.wav, wrong fs 44100, using it.. please remove the file if you don&apos;t want
CLF is SVC(C=1.0, cache_size=200, class_weight=None, coef0=0.0, degree=3, gamma=0.0,
  kernel=&apos;rbf&apos;, max_iter=-1, probability=True, random_state=None,
  shrinking=True, tol=0.001, verbose=False)
warning file /home/lgeorge/fastSSD/projects/protolab/sound_recognition/recognition_application/tests/dataset_aldebaran_6sounds.tar.gz?dl=0_directory/DeskBell-025-Romeo.wav, wrong fs 44100, using it.. please remove the file if you don&apos;t want
warning file /home/lgeorge/fastSSD/projects/protolab/sound_recognition/recognition_application/tests/dataset_aldebaran_6sounds.tar.gz?dl=0_directory/DeskBell-023-Romeo.wav, wrong fs 44100, using it.. please remove the file if you don&apos;t want
warning file /home/lgeorge/fastSSD/projects/protolab/sound_recognition/recognition_application/tests/dataset_aldebaran_6sounds.tar.gz?dl=0_directory/DeskBell-024-Romeo.wav, wrong fs 44100, using it.. please remove the file if you don&apos;t want
CLF is SVC(C=1.0, cache_size=200, class_weight=None, coef0=0.0, degree=3, gamma=0.0,
  kernel=&apos;rbf&apos;, max_iter=-1, probability=True, random_state=None,
  shrinking=True, tol=0.001, verbose=False)
Exception fs (44100) != self.fs (48000.0) detected on /home/lgeorge/fastSSD/projects/protolab/sound_recognition/recognition_application/tests/dataset_aldebaran_6sounds.tar.gz?dl=0_directory/DeskBell-025-Romeo.wav
Exception fs (44100) != self.fs (48000.0) detected on /home/lgeorge/fastSSD/projects/protolab/sound_recognition/recognition_application/tests/dataset_aldebaran_6sounds.tar.gz?dl=0_directory/DeskBell-023-Romeo.wav
Exception fs (44100) != self.fs (48000.0) detected on /home/lgeorge/fastSSD/projects/protolab/sound_recognition/recognition_application/tests/dataset_aldebaran_6sounds.tar.gz?dl=0_directory/DeskBell-024-Romeo.wav
CLF is SVC(C=1.0, cache_size=200, class_weight=None, coef0=0.0, degree=3, gamma=0.0,
  kernel=&apos;rbf&apos;, max_iter=-1, probability=True, random_state=None,
  shrinking=True, tol=0.001, verbose=False)
warning file /home/lgeorge/fastSSD/projects/protolab/sound_recognition/recognition_application/tests/dataset_aldebaran_6sounds.tar.gz?dl=0_directory/DeskBell-025-Romeo.wav, wrong fs 44100, using it.. please remove the file if you don&apos;t want
warning file /home/lgeorge/fastSSD/projects/protolab/sound_recognition/recognition_application/tests/dataset_aldebaran_6sounds.tar.gz?dl=0_directory/DeskBell-023-Romeo.wav, wrong fs 44100, using it.. please remove the file if you don&apos;t want
warning file /home/lgeorge/fastSSD/projects/protolab/sound_recognition/recognition_application/tests/dataset_aldebaran_6sounds.tar.gz?dl=0_directory/DeskBell-024-Romeo.wav, wrong fs 44100, using it.. please remove the file if you don&apos;t want
confidence threshold are {&apos;FireAlarmFr&apos;: 0.26000000000000001, &apos;Applause&apos;: 0.24090079815882734, &apos;TacTac&apos;: 0.83000000000000007, &apos;DoorBell01&apos;: 0.60999999999999999, &apos;Whistle&apos;: 0.67000000000000004, &apos;DoorBell02&apos;: 0.24090079815882734, &apos;DeskBell&apos;: 0.33000000000000002}
confidence coefficients are {&apos;FireAlarmFr&apos;: 3.4615384615384617, &apos;Applause&apos;: 3.735977659179961, &apos;TacTac&apos;: 1.0843373493975903, &apos;DoorBell01&apos;: 1.4754098360655739, &apos;Whistle&apos;: 1.3432835820895521, &apos;DoorBell02&apos;: 3.735977659179961, &apos;DeskBell&apos;: 2.727272727272727}
</system-out></testcase><testcase classname="tests.test_flask_resful_app.FlaskrTestCase" name="test_empty" time="5.79357147217e-05"/><testcase classname="tests.test_speed_performance.TestSpeed" name="test_speed" time="6.91702103615"><system-out>CLF is SVC(C=1.0, cache_size=200, class_weight=None, coef0=0.0, degree=3, gamma=0.0,
  kernel=&apos;rbf&apos;, max_iter=-1, probability=True, random_state=None,
  shrinking=True, tol=0.001, verbose=False)
warning file /home/lgeorge/fastSSD/projects/protolab/sound_recognition/recognition_application/tests/dataset_aldebaran_6sounds.tar.gz?dl=0_directory/DeskBell-025-Romeo.wav, wrong fs 44100, using it.. please remove the file if you don&apos;t want
warning file /home/lgeorge/fastSSD/projects/protolab/sound_recognition/recognition_application/tests/dataset_aldebaran_6sounds.tar.gz?dl=0_directory/DeskBell-023-Romeo.wav, wrong fs 44100, using it.. please remove the file if you don&apos;t want
warning file /home/lgeorge/fastSSD/projects/protolab/sound_recognition/recognition_application/tests/dataset_aldebaran_6sounds.tar.gz?dl=0_directory/DeskBell-024-Romeo.wav, wrong fs 44100, using it.. please remove the file if you don&apos;t want
CLF is SVC(C=1.0, cache_size=200, class_weight=None, coef0=0.0, degree=3, gamma=0.0,
  kernel=&apos;rbf&apos;, max_iter=-1, probability=True, random_state=None,
  shrinking=True, tol=0.001, verbose=False)
warning file /home/lgeorge/fastSSD/projects/protolab/sound_recognition/recognition_application/tests/dataset_aldebaran_6sounds.tar.gz?dl=0_directory/DeskBell-025-Romeo.wav, wrong fs 44100, using it.. please remove the file if you don&apos;t want
warning file /home/lgeorge/fastSSD/projects/protolab/sound_recognition/recognition_application/tests/dataset_aldebaran_6sounds.tar.gz?dl=0_directory/DeskBell-023-Romeo.wav, wrong fs 44100, using it.. please remove the file if you don&apos;t want
warning file /home/lgeorge/fastSSD/projects/protolab/sound_recognition/recognition_application/tests/dataset_aldebaran_6sounds.tar.gz?dl=0_directory/DeskBell-024-Romeo.wav, wrong fs 44100, using it.. please remove the file if you don&apos;t want
CLF is SVC(C=1.0, cache_size=200, class_weight=None, coef0=0.0, degree=3, gamma=0.0,
  kernel=&apos;rbf&apos;, max_iter=-1, probability=True, random_state=None,
  shrinking=True, tol=0.001, verbose=False)
Exception fs (44100) != self.fs (48000.0) detected on /home/lgeorge/fastSSD/projects/protolab/sound_recognition/recognition_application/tests/dataset_aldebaran_6sounds.tar.gz?dl=0_directory/DeskBell-025-Romeo.wav
Exception fs (44100) != self.fs (48000.0) detected on /home/lgeorge/fastSSD/projects/protolab/sound_recognition/recognition_application/tests/dataset_aldebaran_6sounds.tar.gz?dl=0_directory/DeskBell-023-Romeo.wav
Exception fs (44100) != self.fs (48000.0) detected on /home/lgeorge/fastSSD/projects/protolab/sound_recognition/recognition_application/tests/dataset_aldebaran_6sounds.tar.gz?dl=0_directory/DeskBell-024-Romeo.wav
CLF is SVC(C=1.0, cache_size=200, class_weight=None, coef0=0.0, degree=3, gamma=0.0,
  kernel=&apos;rbf&apos;, max_iter=-1, probability=True, random_state=None,
  shrinking=True, tol=0.001, verbose=False)
warning file /home/lgeorge/fastSSD/projects/protolab/sound_recognition/recognition_application/tests/dataset_aldebaran_6sounds.tar.gz?dl=0_directory/DeskBell-025-Romeo.wav, wrong fs 44100, using it.. please remove the file if you don&apos;t want
warning file /home/lgeorge/fastSSD/projects/protolab/sound_recognition/recognition_application/tests/dataset_aldebaran_6sounds.tar.gz?dl=0_directory/DeskBell-023-Romeo.wav, wrong fs 44100, using it.. please remove the file if you don&apos;t want
warning file /home/lgeorge/fastSSD/projects/protolab/sound_recognition/recognition_application/tests/dataset_aldebaran_6sounds.tar.gz?dl=0_directory/DeskBell-024-Romeo.wav, wrong fs 44100, using it.. please remove the file if you don&apos;t want
confidence threshold are {&apos;FireAlarmFr&apos;: 0.27000000000000002, &apos;Applause&apos;: 0.24541686558827108, &apos;TacTac&apos;: 0.83999999999999997, &apos;DoorBell01&apos;: 0.60999999999999999, &apos;Whistle&apos;: 0.69000000000000006, &apos;DoorBell02&apos;: 0.24541686558827108, &apos;DeskBell&apos;: 0.32000000000000001}
confidence coefficients are {&apos;FireAlarmFr&apos;: 3.333333333333333, &apos;Applause&apos;: 3.6672296251631886, &apos;TacTac&apos;: 1.0714285714285714, &apos;DoorBell01&apos;: 1.4754098360655739, &apos;Whistle&apos;: 1.3043478260869565, &apos;DoorBell02&apos;: 3.6672296251631886, &apos;DeskBell&apos;: 2.8125}
</system-out></testcase><testcase classname="tests.test_successive_detection.TestMultipleDetectionsDefaultDatasetWithCalibration" name="test_precision" time="0.000442028045654"><system-out>CLF is SVC(C=1.0, cache_size=200, class_weight=None, coef0=0.0, degree=3, gamma=0.0,
  kernel=&apos;rbf&apos;, max_iter=-1, probability=True, random_state=None,
  shrinking=True, tol=0.001, verbose=False)
warning file /home/lgeorge/fastSSD/projects/protolab/sound_recognition/recognition_application/tests/dataset_aldebaran_6sounds.tar.gz?dl=0_directory/DeskBell-025-Romeo.wav, wrong fs 44100, using it.. please remove the file if you don&apos;t want
warning file /home/lgeorge/fastSSD/projects/protolab/sound_recognition/recognition_application/tests/dataset_aldebaran_6sounds.tar.gz?dl=0_directory/DeskBell-023-Romeo.wav, wrong fs 44100, using it.. please remove the file if you don&apos;t want
warning file /home/lgeorge/fastSSD/projects/protolab/sound_recognition/recognition_application/tests/dataset_aldebaran_6sounds.tar.gz?dl=0_directory/DeskBell-024-Romeo.wav, wrong fs 44100, using it.. please remove the file if you don&apos;t want
CLF is SVC(C=1.0, cache_size=200, class_weight=None, coef0=0.0, degree=3, gamma=0.0,
  kernel=&apos;rbf&apos;, max_iter=-1, probability=True, random_state=None,
  shrinking=True, tol=0.001, verbose=False)
warning file /home/lgeorge/fastSSD/projects/protolab/sound_recognition/recognition_application/tests/dataset_aldebaran_6sounds.tar.gz?dl=0_directory/DeskBell-025-Romeo.wav, wrong fs 44100, using it.. please remove the file if you don&apos;t want
warning file /home/lgeorge/fastSSD/projects/protolab/sound_recognition/recognition_application/tests/dataset_aldebaran_6sounds.tar.gz?dl=0_directory/DeskBell-023-Romeo.wav, wrong fs 44100, using it.. please remove the file if you don&apos;t want
warning file /home/lgeorge/fastSSD/projects/protolab/sound_recognition/recognition_application/tests/dataset_aldebaran_6sounds.tar.gz?dl=0_directory/DeskBell-024-Romeo.wav, wrong fs 44100, using it.. please remove the file if you don&apos;t want
CLF is SVC(C=1.0, cache_size=200, class_weight=None, coef0=0.0, degree=3, gamma=0.0,
  kernel=&apos;rbf&apos;, max_iter=-1, probability=True, random_state=None,
  shrinking=True, tol=0.001, verbose=False)
Exception fs (44100) != self.fs (48000.0) detected on /home/lgeorge/fastSSD/projects/protolab/sound_recognition/recognition_application/tests/dataset_aldebaran_6sounds.tar.gz?dl=0_directory/DeskBell-025-Romeo.wav
Exception fs (44100) != self.fs (48000.0) detected on /home/lgeorge/fastSSD/projects/protolab/sound_recognition/recognition_application/tests/dataset_aldebaran_6sounds.tar.gz?dl=0_directory/DeskBell-023-Romeo.wav
Exception fs (44100) != self.fs (48000.0) detected on /home/lgeorge/fastSSD/projects/protolab/sound_recognition/recognition_application/tests/dataset_aldebaran_6sounds.tar.gz?dl=0_directory/DeskBell-024-Romeo.wav
CLF is SVC(C=1.0, cache_size=200, class_weight=None, coef0=0.0, degree=3, gamma=0.0,
  kernel=&apos;rbf&apos;, max_iter=-1, probability=True, random_state=None,
  shrinking=True, tol=0.001, verbose=False)
warning file /home/lgeorge/fastSSD/projects/protolab/sound_recognition/recognition_application/tests/dataset_aldebaran_6sounds.tar.gz?dl=0_directory/DeskBell-025-Romeo.wav, wrong fs 44100, using it.. please remove the file if you don&apos;t want
warning file /home/lgeorge/fastSSD/projects/protolab/sound_recognition/recognition_application/tests/dataset_aldebaran_6sounds.tar.gz?dl=0_directory/DeskBell-023-Romeo.wav, wrong fs 44100, using it.. please remove the file if you don&apos;t want
warning file /home/lgeorge/fastSSD/projects/protolab/sound_recognition/recognition_application/tests/dataset_aldebaran_6sounds.tar.gz?dl=0_directory/DeskBell-024-Romeo.wav, wrong fs 44100, using it.. please remove the file if you don&apos;t want
confidence threshold are {&apos;FireAlarmFr&apos;: 0.27000000000000002, &apos;Applause&apos;: 0.24451461699673871, &apos;TacTac&apos;: 0.83999999999999997, &apos;DoorBell01&apos;: 0.60999999999999999, &apos;Whistle&apos;: 0.70999999999999996, &apos;DoorBell02&apos;: 0.24451461699673871, &apos;DeskBell&apos;: 0.34000000000000002}
confidence coefficients are {&apos;FireAlarmFr&apos;: 3.333333333333333, &apos;Applause&apos;: 3.6807615473229727, &apos;TacTac&apos;: 1.0714285714285714, &apos;DoorBell01&apos;: 1.4754098360655739, &apos;Whistle&apos;: 1.267605633802817, &apos;DoorBell02&apos;: 3.6807615473229727, &apos;DeskBell&apos;: 2.6470588235294117}
ignoring labels [&apos;ClapHand&apos;, &apos;SmokeDetector&apos;, &apos;HumanCaressHead&apos;, &apos;FakeSneeze&apos;, &apos;(romeo speaking)&apos;, &apos;RobotNoisePushed&apos;, &apos;(opening a door)&apos;, &apos;ShutDoor&apos;, &apos;(Opening a door)&apos;, &apos;NoisePaper&apos;, &apos;ToyPig&apos;, &apos;HumanTapHead&apos;, &apos;HumanScratchHead&apos;, &apos;RobotNoiseMoving&apos;, &apos;BlowNose&apos;, &apos;Laugh&apos;, &apos;ToyChicken&apos;, &apos;NOTHING&apos;, &apos;ToyMaracas&apos;, &apos;ToyGiraffe&apos;], not present in learning dataset
</system-out><system-err>/home/lgeorge/anaconda/lib/python2.7/site-packages/sklearn/metrics/classification.py:958: UndefinedMetricWarning: Precision and F-score are ill-defined and being set to 0.0 in labels with no predicted samples.
  &apos;precision&apos;, &apos;predicted&apos;, average, warn_for)
/home/lgeorge/anaconda/lib/python2.7/site-packages/sklearn/metrics/classification.py:960: UndefinedMetricWarning: Recall and F-score are ill-defined and being set to 0.0 in labels with no true samples.
  &apos;recall&apos;, &apos;true&apos;, average, warn_for)
/home/lgeorge/anaconda/lib/python2.7/site-packages/sklearn/metrics/classification.py:958: UndefinedMetricWarning: Precision is ill-defined and being set to 0.0 in labels with no predicted samples.
  &apos;precision&apos;, &apos;predicted&apos;, average, warn_for)
/home/lgeorge/anaconda/lib/python2.7/site-packages/sklearn/metrics/classification.py:960: UndefinedMetricWarning: Recall is ill-defined and being set to 0.0 in labels with no true samples.
  &apos;recall&apos;, &apos;true&apos;, average, warn_for)
</system-err></testcase><testcase classname="tests.test_successive_detection.TestMultipleDetectionsDefaultDatasetWithCalibration" name="test_recall" time="0.00119400024414"><failure message="AssertionError: 
Arrays are not less-ordered
labels considered are [&apos;FireAlarmFr&apos;, &apos;TacTac&apos;, &apos;DoorBell01&apos;, &apos;DeskBell&apos;] predicted are [&apos;FireAlarmFr&apos;, &apos;FireAlarmFr&apos;, &apos;FireAlarmFr&apos;, &apos;FireAlarmFr&apos;, &apos;FireAlarmFr&apos;, &apos;FireAlarmFr&apos;, &apos;FireAlarmFr&apos;, &apos;FireAlarmFr&apos;, &apos;FireAlarmFr&apos;, &apos;FireAlarmFr&apos;, &apos;NOTHING&apos;, &apos;NOTHING&apos;, &apos;NOTHING&apos;, &apos;NOTHING&apos;, &apos;NOTHING&apos;, &apos;NOTHING&apos;, &apos;NOTHING&apos;, &apos;NOTHING&apos;, &apos;NOTHING&apos;, &apos;NOTHING&apos;, &apos;NOTHING&apos;, &apos;NOTHING&apos;, &apos;NOTHING&apos;, &apos;NOTHING&apos;, &apos;NOTHING&apos;, &apos;NOTHING&apos;, &apos;NOTHING&apos;, &apos;NOTHING&apos;, &apos;NOTHING&apos;, &apos;NOTHING&apos;, &apos;NOTHING&apos;, &apos;NOTHING&apos;, &apos;NOTHING&apos;, &apos;NOTHING&apos;, &apos;NOTHING&apos;, &apos;NOTHING&apos;, &apos;NOTHING&apos;, &apos;NOTHING&apos;, &apos;NOTHING&apos;, &apos;NOTHING&apos;, &apos;NOTHING&apos;, &apos;NOTHING&apos;, &apos;NOTHING&apos;, &apos;NOTHING&apos;, &apos;NOTHING&apos;, &apos;NOTHING&apos;, &apos;NOTHING&apos;, &apos;NOTHING&apos;, &apos;NOTHING&apos;, &apos;NOTHING&apos;, &apos;NOTHING&apos;, &apos;NOTHING&apos;, &apos;NOTHING&apos;, &apos;NOTHING&apos;, &apos;NOTHING&apos;, &apos;NOTHING&apos;, &apos;NOTHING&apos;, &apos;NOTHING&apos;, &apos;NOTHING&apos;, &apos;NOTHING&apos;, &apos;NOTHING&apos;, &apos;NOTHING&apos;, &apos;NOTHING&apos;, &apos;NOTHING&apos;, &apos;NOTHING&apos;, &apos;NOTHING&apos;, &apos;NOTHING&apos;, &apos;NOTHING&apos;, &apos;NOTHING&apos;, &apos;NOTHING&apos;, &apos;NOTHING&apos;, &apos;NOTHING&apos;], expected are [&apos;FireAlarmFr&apos;, &apos;FireAlarmFr&apos;, &apos;FireAlarmFr&apos;, &apos;FireAlarmFr&apos;, &apos;FireAlarmFr&apos;, &apos;FireAlarmFr&apos;, &apos;FireAlarmFr&apos;, &apos;FireAlarmFr&apos;, &apos;FireAlarmFr&apos;, &apos;FireAlarmFr&apos;, &apos;BlowNose&apos;, &apos;ClapHand&apos;, &apos;ClapHand&apos;, &apos;DeskBell&apos;, &apos;DoorBell01&apos;, &apos;FakeSneeze&apos;, &apos;HumanCaressHead&apos;, &apos;HumanScratchHead&apos;, &apos;HumanTapHead&apos;, &apos;Laugh&apos;, &apos;NoisePaper&apos;, &apos;RobotNoiseMoving&apos;, &apos;RobotNoisePushed&apos;, &apos;SmokeDetector&apos;, &apos;ShutDoor&apos;, &apos;ShutDoor&apos;, &apos;(Opening a door)&apos;, &apos;ShutDoor&apos;, &apos;TacTac&apos;, &apos;ToyGiraffe&apos;, &apos;ToyMaracas&apos;, &apos;ToyPig&apos;, &apos;ClapHand&apos;, &apos;DeskBell&apos;, &apos;DoorBell01&apos;, &apos;FakeSneeze&apos;, &apos;(romeo speaking)&apos;, &apos;HumanCaressHead&apos;, &apos;HumanScratchHead&apos;, &apos;HumanTapHead&apos;, &apos;Laugh&apos;, &apos;NoisePaper&apos;, &apos;RobotNoiseMoving&apos;, &apos;RobotNoisePushed&apos;, &apos;ShutDoor&apos;, &apos;(opening a door)&apos;, &apos;ShutDoor&apos;, &apos;ShutDoor&apos;, &apos;ShutDoor&apos;, &apos;SmokeDetector&apos;, &apos;TacTac&apos;, &apos;ToyPig&apos;, &apos;ToyMaracas&apos;, &apos;ToyGiraffe&apos;, &apos;ToyChicken&apos;, &apos;DeskBell&apos;, &apos;DoorBell01&apos;, &apos;ToyPig&apos;, &apos;ToyGiraffe&apos;, &apos;ToyMaracas&apos;, &apos;ToyPig&apos;, &apos;ToyChicken&apos;, &apos;DeskBell&apos;, &apos;FakeSneeze&apos;, &apos;DoorBell01&apos;, &apos;ToyMaracas&apos;, &apos;ToyPig&apos;, &apos;ShutDoor&apos;, &apos;ToyGiraffe&apos;, &apos;ToyChicken&apos;, &apos;DeskBell&apos;, &apos;ClapHand&apos;]
(mismatch 75.0%)
 x: array(0.7)
 y: array([ 1.,  0.,  0.,  0.])">self = &lt;tests.test_successive_detection.TestMultipleDetectionsDefaultDatasetWithCalibration testMethod=test_recall&gt;

    def test_recall(self):
        # for recall we also ignore labels not present in the test_wav_file
        print(&quot;ignoring labels %s, not present in learning dataset&quot; % str(self.labels_to_ignore))
        print(&quot;considering only labels present in wavfile %s&quot; % str(self.labels_present_in_wavfile))
        labels_to_ignore = self.labels_to_ignore + [label for label in self.labels if label not in self.labels_present_in_wavfile]
        labels_to_consider = [l for l in self.labels if l not in labels_to_ignore]
        labels_to_consider_index = [num for (num, val) in enumerate(self.labels) if val in labels_to_consider]
        # we use assert array less because it provide a pecent mismatch, easier to read.. it&apos;s equivalent to checking all values above min_recall
&gt;       np.testing.assert_array_less(self.min_recall, self.recalls[labels_to_consider_index], &quot;labels considered are {} predicted are {}, expected are {}&quot;.format(self.labels_to_consider, self.predicted, self.expected))

test_successive_detection.py:218: 
_ _ _ _ _ _ _ _ _ _ _ _ _ _ _ _ _ _ _ _ _ _ _ _ _ _ _ _ _ _ _ _ _ _ _ _ _ _ _ _ _ _ _ _ _ _ _ _ _ _ _ _ _ _ _ _ _ _ _ _ _ _ _ _ _ _ _ _ _ _ _ _ _ _ _ _ _ _ _ _ _ _ _ _ _ _ _ _ _ _ _ _ _ _ _ _ _ _ _ _ _ _ _ _ _ _ _ _ _ _ _ _ _ _ _ _ _ _ _ _ _ _ _ _ _ _ _ _ _ _ _ _ _ _ _ _ _ _ _ 
/home/lgeorge/anaconda/lib/python2.7/site-packages/numpy/testing/utils.py:913: in assert_array_less
    header=&apos;Arrays are not less-ordered&apos;)
_ _ _ _ _ _ _ _ _ _ _ _ _ _ _ _ _ _ _ _ _ _ _ _ _ _ _ _ _ _ _ _ _ _ _ _ _ _ _ _ _ _ _ _ _ _ _ _ _ _ _ _ _ _ _ _ _ _ _ _ _ _ _ _ _ _ _ _ _ _ _ _ _ _ _ _ _ _ _ _ _ _ _ _ _ _ _ _ _ _ _ _ _ _ _ _ _ _ _ _ _ _ _ _ _ _ _ _ _ _ _ _ _ _ _ _ _ _ _ _ _ _ _ _ _ _ _ _ _ _ _ _ _ _ _ _ _ _ _ 

comparison = &lt;built-in function __lt__&gt;, x = array(0.7), y = array([ 1.,  0.,  0.,  0.])
err_msg = &quot;labels considered are [&apos;FireAlarmFr&apos;, &apos;TacTac&apos;, &apos;DoorBell01&apos;, &apos;DeskBell&apos;] predicted are [&apos;FireAlarmFr&apos;, &apos;FireAlarmFr&apos;...&apos;, &apos;FakeSneeze&apos;, &apos;DoorBell01&apos;, &apos;ToyMaracas&apos;, &apos;ToyPig&apos;, &apos;ShutDoor&apos;, &apos;ToyGiraffe&apos;, &apos;ToyChicken&apos;, &apos;DeskBell&apos;, &apos;ClapHand&apos;]&quot;, verbose = True
header = &apos;Arrays are not less-ordered&apos;, precision = 6

    def assert_array_compare(comparison, x, y, err_msg=&apos;&apos;, verbose=True,
                             header=&apos;&apos;, precision=6):
        from numpy.core import array, isnan, isinf, any, all, inf
        x = array(x, copy=False, subok=True)
        y = array(y, copy=False, subok=True)
    
        def isnumber(x):
            return x.dtype.char in &apos;?bhilqpBHILQPefdgFDG&apos;
    
        def chk_same_position(x_id, y_id, hasval=&apos;nan&apos;):
            &quot;&quot;&quot;Handling nan/inf: check that x and y have the nan/inf at the same
            locations.&quot;&quot;&quot;
            try:
                assert_array_equal(x_id, y_id)
            except AssertionError:
                msg = build_err_msg([x, y],
                                    err_msg + &apos;\nx and y %s location mismatch:&apos; \
                                    % (hasval), verbose=verbose, header=header,
                                    names=(&apos;x&apos;, &apos;y&apos;), precision=precision)
                raise AssertionError(msg)
    
        try:
            cond = (x.shape==() or y.shape==()) or x.shape == y.shape
            if not cond:
                msg = build_err_msg([x, y],
                                    err_msg
                                    + &apos;\n(shapes %s, %s mismatch)&apos; % (x.shape,
                                                                      y.shape),
                                    verbose=verbose, header=header,
                                    names=(&apos;x&apos;, &apos;y&apos;), precision=precision)
                if not cond :
                    raise AssertionError(msg)
    
            if isnumber(x) and isnumber(y):
                x_isnan, y_isnan = isnan(x), isnan(y)
                x_isinf, y_isinf = isinf(x), isinf(y)
    
                # Validate that the special values are in the same place
                if any(x_isnan) or any(y_isnan):
                    chk_same_position(x_isnan, y_isnan, hasval=&apos;nan&apos;)
                if any(x_isinf) or any(y_isinf):
                    # Check +inf and -inf separately, since they are different
                    chk_same_position(x == +inf, y == +inf, hasval=&apos;+inf&apos;)
                    chk_same_position(x == -inf, y == -inf, hasval=&apos;-inf&apos;)
    
                # Combine all the special values
                x_id, y_id = x_isnan, y_isnan
                x_id |= x_isinf
                y_id |= y_isinf
    
                # Only do the comparison if actual values are left
                if all(x_id):
                    return
    
                if any(x_id):
                    val = comparison(x[~x_id], y[~y_id])
                else:
                    val = comparison(x, y)
            else:
                val = comparison(x, y)
    
            if isinstance(val, bool):
                cond = val
                reduced = [0]
            else:
                reduced = val.ravel()
                cond = reduced.all()
                reduced = reduced.tolist()
            if not cond:
                match = 100-100.0*reduced.count(1)/len(reduced)
                msg = build_err_msg([x, y],
                                    err_msg
                                    + &apos;\n(mismatch %s%%)&apos; % (match,),
                                    verbose=verbose, header=header,
                                    names=(&apos;x&apos;, &apos;y&apos;), precision=precision)
                if not cond :
&gt;                   raise AssertionError(msg)
E                   AssertionError: 
E                   Arrays are not less-ordered
E                   labels considered are [&apos;FireAlarmFr&apos;, &apos;TacTac&apos;, &apos;DoorBell01&apos;, &apos;DeskBell&apos;] predicted are [&apos;FireAlarmFr&apos;, &apos;FireAlarmFr&apos;, &apos;FireAlarmFr&apos;, &apos;FireAlarmFr&apos;, &apos;FireAlarmFr&apos;, &apos;FireAlarmFr&apos;, &apos;FireAlarmFr&apos;, &apos;FireAlarmFr&apos;, &apos;FireAlarmFr&apos;, &apos;FireAlarmFr&apos;, &apos;NOTHING&apos;, &apos;NOTHING&apos;, &apos;NOTHING&apos;, &apos;NOTHING&apos;, &apos;NOTHING&apos;, &apos;NOTHING&apos;, &apos;NOTHING&apos;, &apos;NOTHING&apos;, &apos;NOTHING&apos;, &apos;NOTHING&apos;, &apos;NOTHING&apos;, &apos;NOTHING&apos;, &apos;NOTHING&apos;, &apos;NOTHING&apos;, &apos;NOTHING&apos;, &apos;NOTHING&apos;, &apos;NOTHING&apos;, &apos;NOTHING&apos;, &apos;NOTHING&apos;, &apos;NOTHING&apos;, &apos;NOTHING&apos;, &apos;NOTHING&apos;, &apos;NOTHING&apos;, &apos;NOTHING&apos;, &apos;NOTHING&apos;, &apos;NOTHING&apos;, &apos;NOTHING&apos;, &apos;NOTHING&apos;, &apos;NOTHING&apos;, &apos;NOTHING&apos;, &apos;NOTHING&apos;, &apos;NOTHING&apos;, &apos;NOTHING&apos;, &apos;NOTHING&apos;, &apos;NOTHING&apos;, &apos;NOTHING&apos;, &apos;NOTHING&apos;, &apos;NOTHING&apos;, &apos;NOTHING&apos;, &apos;NOTHING&apos;, &apos;NOTHING&apos;, &apos;NOTHING&apos;, &apos;NOTHING&apos;, &apos;NOTHING&apos;, &apos;NOTHING&apos;, &apos;NOTHING&apos;, &apos;NOTHING&apos;, &apos;NOTHING&apos;, &apos;NOTHING&apos;, &apos;NOTHING&apos;, &apos;NOTHING&apos;, &apos;NOTHING&apos;, &apos;NOTHING&apos;, &apos;NOTHING&apos;, &apos;NOTHING&apos;, &apos;NOTHING&apos;, &apos;NOTHING&apos;, &apos;NOTHING&apos;, &apos;NOTHING&apos;, &apos;NOTHING&apos;, &apos;NOTHING&apos;, &apos;NOTHING&apos;], expected are [&apos;FireAlarmFr&apos;, &apos;FireAlarmFr&apos;, &apos;FireAlarmFr&apos;, &apos;FireAlarmFr&apos;, &apos;FireAlarmFr&apos;, &apos;FireAlarmFr&apos;, &apos;FireAlarmFr&apos;, &apos;FireAlarmFr&apos;, &apos;FireAlarmFr&apos;, &apos;FireAlarmFr&apos;, &apos;BlowNose&apos;, &apos;ClapHand&apos;, &apos;ClapHand&apos;, &apos;DeskBell&apos;, &apos;DoorBell01&apos;, &apos;FakeSneeze&apos;, &apos;HumanCaressHead&apos;, &apos;HumanScratchHead&apos;, &apos;HumanTapHead&apos;, &apos;Laugh&apos;, &apos;NoisePaper&apos;, &apos;RobotNoiseMoving&apos;, &apos;RobotNoisePushed&apos;, &apos;SmokeDetector&apos;, &apos;ShutDoor&apos;, &apos;ShutDoor&apos;, &apos;(Opening a door)&apos;, &apos;ShutDoor&apos;, &apos;TacTac&apos;, &apos;ToyGiraffe&apos;, &apos;ToyMaracas&apos;, &apos;ToyPig&apos;, &apos;ClapHand&apos;, &apos;DeskBell&apos;, &apos;DoorBell01&apos;, &apos;FakeSneeze&apos;, &apos;(romeo speaking)&apos;, &apos;HumanCaressHead&apos;, &apos;HumanScratchHead&apos;, &apos;HumanTapHead&apos;, &apos;Laugh&apos;, &apos;NoisePaper&apos;, &apos;RobotNoiseMoving&apos;, &apos;RobotNoisePushed&apos;, &apos;ShutDoor&apos;, &apos;(opening a door)&apos;, &apos;ShutDoor&apos;, &apos;ShutDoor&apos;, &apos;ShutDoor&apos;, &apos;SmokeDetector&apos;, &apos;TacTac&apos;, &apos;ToyPig&apos;, &apos;ToyMaracas&apos;, &apos;ToyGiraffe&apos;, &apos;ToyChicken&apos;, &apos;DeskBell&apos;, &apos;DoorBell01&apos;, &apos;ToyPig&apos;, &apos;ToyGiraffe&apos;, &apos;ToyMaracas&apos;, &apos;ToyPig&apos;, &apos;ToyChicken&apos;, &apos;DeskBell&apos;, &apos;FakeSneeze&apos;, &apos;DoorBell01&apos;, &apos;ToyMaracas&apos;, &apos;ToyPig&apos;, &apos;ShutDoor&apos;, &apos;ToyGiraffe&apos;, &apos;ToyChicken&apos;, &apos;DeskBell&apos;, &apos;ClapHand&apos;]
E                   (mismatch 75.0%)
E                    x: array(0.7)
E                    y: array([ 1.,  0.,  0.,  0.])

/home/lgeorge/anaconda/lib/python2.7/site-packages/numpy/testing/utils.py:665: AssertionError</failure><system-out>ignoring labels [&apos;ClapHand&apos;, &apos;SmokeDetector&apos;, &apos;HumanCaressHead&apos;, &apos;FakeSneeze&apos;, &apos;(romeo speaking)&apos;, &apos;RobotNoisePushed&apos;, &apos;(opening a door)&apos;, &apos;ShutDoor&apos;, &apos;(Opening a door)&apos;, &apos;NoisePaper&apos;, &apos;ToyPig&apos;, &apos;HumanTapHead&apos;, &apos;HumanScratchHead&apos;, &apos;RobotNoiseMoving&apos;, &apos;BlowNose&apos;, &apos;Laugh&apos;, &apos;ToyChicken&apos;, &apos;NOTHING&apos;, &apos;ToyMaracas&apos;, &apos;ToyGiraffe&apos;], not present in learning dataset
considering only labels present in wavfile set([&apos;(opening a door)&apos;, &apos;ClapHand&apos;, &apos;HumanCaressHead&apos;, &apos;ShutDoor&apos;, &apos;(Opening a door)&apos;, &apos;NoisePaper&apos;, &apos;HumanTapHead&apos;, &apos;HumanScratchHead&apos;, &apos;RobotNoiseMoving&apos;, &apos;BlowNose&apos;, &apos;ToyMaracas&apos;, &apos;ToyGiraffe&apos;, &apos;FireAlarmFr&apos;, &apos;SmokeDetector&apos;, &apos;TacTac&apos;, &apos;DoorBell01&apos;, &apos;FakeSneeze&apos;, &apos;(romeo speaking)&apos;, &apos;RobotNoisePushed&apos;, &apos;ToyPig&apos;, &apos;DeskBell&apos;, &apos;Laugh&apos;, &apos;ToyChicken&apos;])
</system-out></testcase><testcase classname="tests.test_successive_detection.TestMultipleDetectionsDefaultDatasetWithCalibration" name="test_setup" time="6.79492950439e-05"/><testcase classname="tests.test_successive_detection.TestMultipleDetectionsWithCalibrationEuropythonDataset" name="test_precision" time="0.000879049301147"><failure message="AssertionError: 
Arrays are not less-ordered
labels considered are [&apos;FireAlarmFr&apos;, &apos;ClapHand&apos;, &apos;SmokeDetector&apos;, &apos;TacTac&apos;, &apos;HumanCaressHead&apos;, &apos;DoorBell01&apos;, &apos;FakeSneeze&apos;, &apos;RobotNoisePushed&apos;, &apos;ShutDoor&apos;, &apos;NoisePaper&apos;, &apos;ToyPig&apos;, &apos;HumanScratchHead&apos;, &apos;RobotNoiseMoving&apos;, &apos;DeskBell&apos;, &apos;BlowNose&apos;, &apos;Laugh&apos;, &apos;ToyMaracas&apos;, &apos;ToyGiraffe&apos;], predicted are [&apos;FireAlarmFr&apos;, &apos;FireAlarmFr&apos;, &apos;FireAlarmFr&apos;, &apos;FireAlarmFr&apos;, &apos;FireAlarmFr&apos;, &apos;FireAlarmFr&apos;, &apos;ToyMaracas&apos;, &apos;DeskBell&apos;, &apos;DeskBell&apos;, &apos;FakeSneeze&apos;, &apos;FakeSneeze&apos;, &apos;FireAlarmFr&apos;, &apos;FireAlarmFr&apos;, &apos;FireAlarmFr&apos;, &apos;FireAlarmFr&apos;, &apos;ToyMaracas&apos;, &apos;DeskBell&apos;, &apos;DeskBell&apos;, &apos;DeskBell&apos;, &apos;DeskBell&apos;, &apos;DeskBell&apos;, &apos;DeskBell&apos;, &apos;FakeSneeze&apos;, &apos;FakeSneeze&apos;, &apos;ToyMaracas&apos;, &apos;DeskBell&apos;, &apos;DeskBell&apos;, &apos;DeskBell&apos;, &apos;FireAlarmFr&apos;, &apos;FireAlarmFr&apos;, &apos;FireAlarmFr&apos;, &apos;FireAlarmFr&apos;, &apos;FireAlarmFr&apos;, &apos;FakeSneeze&apos;, &apos;NOTHING&apos;, &apos;NOTHING&apos;, &apos;NOTHING&apos;, &apos;NOTHING&apos;, &apos;NOTHING&apos;, &apos;NOTHING&apos;, &apos;NOTHING&apos;, &apos;NOTHING&apos;, &apos;NOTHING&apos;, &apos;NOTHING&apos;, &apos;NOTHING&apos;, &apos;NOTHING&apos;, &apos;NOTHING&apos;, &apos;NOTHING&apos;, &apos;NOTHING&apos;, &apos;NOTHING&apos;, &apos;NOTHING&apos;, &apos;NOTHING&apos;, &apos;NOTHING&apos;, &apos;NOTHING&apos;, &apos;NOTHING&apos;, &apos;NOTHING&apos;, &apos;NOTHING&apos;, &apos;NOTHING&apos;, &apos;NOTHING&apos;, &apos;NOTHING&apos;, &apos;NOTHING&apos;, &apos;NOTHING&apos;, &apos;NOTHING&apos;, &apos;NOTHING&apos;, &apos;NOTHING&apos;, &apos;NOTHING&apos;, &apos;NOTHING&apos;, &apos;NOTHING&apos;, &apos;NOTHING&apos;, &apos;NOTHING&apos;, &apos;NOTHING&apos;, &apos;NOTHING&apos;, &apos;NOTHING&apos;, &apos;NOTHING&apos;, &apos;NOTHING&apos;, &apos;NOTHING&apos;, &apos;NOTHING&apos;, &apos;NOTHING&apos;, &apos;NOTHING&apos;, &apos;NOTHING&apos;, &apos;NOTHING&apos;, &apos;NOTHING&apos;, &apos;NOTHING&apos;, &apos;NOTHING&apos;, &apos;NOTHING&apos;, &apos;NOTHING&apos;, &apos;FakeSneeze&apos;, &apos;DeskBell&apos;, &apos;DeskBell&apos;, &apos;SmokeDetector&apos;, &apos;FakeSneeze&apos;, &apos;FakeSneeze&apos;], expected are [&apos;FireAlarmFr&apos;, &apos;FireAlarmFr&apos;, &apos;FireAlarmFr&apos;, &apos;FireAlarmFr&apos;, &apos;FireAlarmFr&apos;, &apos;FireAlarmFr&apos;, &apos;ToyMaracas&apos;, &apos;DeskBell&apos;, &apos;DeskBell&apos;, &apos;FakeSneeze&apos;, &apos;FakeSneeze&apos;, &apos;FireAlarmFr&apos;, &apos;FireAlarmFr&apos;, &apos;FireAlarmFr&apos;, &apos;FireAlarmFr&apos;, &apos;ToyMaracas&apos;, &apos;DeskBell&apos;, &apos;DeskBell&apos;, &apos;DeskBell&apos;, &apos;DeskBell&apos;, &apos;DeskBell&apos;, &apos;DeskBell&apos;, &apos;FakeSneeze&apos;, &apos;FakeSneeze&apos;, &apos;ToyMaracas&apos;, &apos;DeskBell&apos;, &apos;DeskBell&apos;, &apos;DeskBell&apos;, &apos;FireAlarmFr&apos;, &apos;FireAlarmFr&apos;, &apos;FireAlarmFr&apos;, &apos;FireAlarmFr&apos;, &apos;FireAlarmFr&apos;, &apos;DoorBell01&apos;, &apos;BlowNose&apos;, &apos;ClapHand&apos;, &apos;ClapHand&apos;, &apos;DeskBell&apos;, &apos;FakeSneeze&apos;, &apos;HumanCaressHead&apos;, &apos;HumanScratchHead&apos;, &apos;HumanTapHead&apos;, &apos;Laugh&apos;, &apos;NoisePaper&apos;, &apos;RobotNoiseMoving&apos;, &apos;RobotNoisePushed&apos;, &apos;SmokeDetector&apos;, &apos;ShutDoor&apos;, &apos;ShutDoor&apos;, &apos;(Opening a door)&apos;, &apos;ShutDoor&apos;, &apos;TacTac&apos;, &apos;ToyGiraffe&apos;, &apos;ToyPig&apos;, &apos;ClapHand&apos;, &apos;DoorBell01&apos;, &apos;(romeo speaking)&apos;, &apos;HumanCaressHead&apos;, &apos;HumanScratchHead&apos;, &apos;HumanTapHead&apos;, &apos;Laugh&apos;, &apos;NoisePaper&apos;, &apos;RobotNoiseMoving&apos;, &apos;RobotNoisePushed&apos;, &apos;ShutDoor&apos;, &apos;(opening a door)&apos;, &apos;ShutDoor&apos;, &apos;ShutDoor&apos;, &apos;ShutDoor&apos;, &apos;SmokeDetector&apos;, &apos;TacTac&apos;, &apos;ToyPig&apos;, &apos;ToyGiraffe&apos;, &apos;ToyChicken&apos;, &apos;DoorBell01&apos;, &apos;ToyPig&apos;, &apos;ToyGiraffe&apos;, &apos;ToyMaracas&apos;, &apos;ToyPig&apos;, &apos;ToyChicken&apos;, &apos;DoorBell01&apos;, &apos;ToyPig&apos;, &apos;ShutDoor&apos;, &apos;ToyGiraffe&apos;, &apos;ToyChicken&apos;, &apos;ClapHand&apos;, &apos;NOTHING&apos;, &apos;NOTHING&apos;, &apos;NOTHING&apos;, &apos;NOTHING&apos;, &apos;NOTHING&apos;, &apos;NOTHING&apos;]
(mismatch 11.1111111111%)
 x: array(0.7)
 y: array([ 1.      ,  1.      ,  0.      ,  1.      ,  1.      ,  1.      ,
        0.5     ,  1.      ,  1.      ,  1.      ,  1.      ,  1.      ,
        1.      ,  0.846154,  1.      ,  1.      ,  1.      ,  1.      ])">self = &lt;tests.test_successive_detection.TestMultipleDetectionsWithCalibrationEuropythonDataset testMethod=test_precision&gt;

    def test_precision(self):
        print(&quot;ignoring labels %s, not present in learning dataset&quot; % str(self.labels_to_ignore))
        for index in self.labels_to_consider_index:
            if self.precisions[index] == 0 and self.labels[index] not in self.predicted:
                self.precisions[index] = 1.  # MY precision comprhension
&gt;       np.testing.assert_array_less(self.min_precision, self.precisions[self.labels_to_consider_index], &quot;labels considered are {}, predicted are {}, expected are {}&quot;.format(self.labels_to_consider, self.predicted, self.expected))

test_successive_detection.py:206: 
_ _ _ _ _ _ _ _ _ _ _ _ _ _ _ _ _ _ _ _ _ _ _ _ _ _ _ _ _ _ _ _ _ _ _ _ _ _ _ _ _ _ _ _ _ _ _ _ _ _ _ _ _ _ _ _ _ _ _ _ _ _ _ _ _ _ _ _ _ _ _ _ _ _ _ _ _ _ _ _ _ _ _ _ _ _ _ _ _ _ _ _ _ _ _ _ _ _ _ _ _ _ _ _ _ _ _ _ _ _ _ _ _ _ _ _ _ _ _ _ _ _ _ _ _ _ _ _ _ _ _ _ _ _ _ _ _ _ _ 
/home/lgeorge/anaconda/lib/python2.7/site-packages/numpy/testing/utils.py:913: in assert_array_less
    header=&apos;Arrays are not less-ordered&apos;)
_ _ _ _ _ _ _ _ _ _ _ _ _ _ _ _ _ _ _ _ _ _ _ _ _ _ _ _ _ _ _ _ _ _ _ _ _ _ _ _ _ _ _ _ _ _ _ _ _ _ _ _ _ _ _ _ _ _ _ _ _ _ _ _ _ _ _ _ _ _ _ _ _ _ _ _ _ _ _ _ _ _ _ _ _ _ _ _ _ _ _ _ _ _ _ _ _ _ _ _ _ _ _ _ _ _ _ _ _ _ _ _ _ _ _ _ _ _ _ _ _ _ _ _ _ _ _ _ _ _ _ _ _ _ _ _ _ _ _ 

comparison = &lt;built-in function __lt__&gt;, x = array(0.7), y = array([ 1.        ,  1.        ,  0.        ,  1.        ,  1.        ,
      ...     ,  0.84615385,  1.        ,
        1.        ,  1.        ,  1.        ])
err_msg = &quot;labels considered are [&apos;FireAlarmFr&apos;, &apos;ClapHand&apos;, &apos;SmokeDetector&apos;, &apos;TacTac&apos;, &apos;HumanCaressHead&apos;, &apos;DoorBell01&apos;, &apos;FakeSn... &apos;ShutDoor&apos;, &apos;ToyGiraffe&apos;, &apos;ToyChicken&apos;, &apos;ClapHand&apos;, &apos;NOTHING&apos;, &apos;NOTHING&apos;, &apos;NOTHING&apos;, &apos;NOTHING&apos;, &apos;NOTHING&apos;, &apos;NOTHING&apos;]&quot;, verbose = True
header = &apos;Arrays are not less-ordered&apos;, precision = 6

    def assert_array_compare(comparison, x, y, err_msg=&apos;&apos;, verbose=True,
                             header=&apos;&apos;, precision=6):
        from numpy.core import array, isnan, isinf, any, all, inf
        x = array(x, copy=False, subok=True)
        y = array(y, copy=False, subok=True)
    
        def isnumber(x):
            return x.dtype.char in &apos;?bhilqpBHILQPefdgFDG&apos;
    
        def chk_same_position(x_id, y_id, hasval=&apos;nan&apos;):
            &quot;&quot;&quot;Handling nan/inf: check that x and y have the nan/inf at the same
            locations.&quot;&quot;&quot;
            try:
                assert_array_equal(x_id, y_id)
            except AssertionError:
                msg = build_err_msg([x, y],
                                    err_msg + &apos;\nx and y %s location mismatch:&apos; \
                                    % (hasval), verbose=verbose, header=header,
                                    names=(&apos;x&apos;, &apos;y&apos;), precision=precision)
                raise AssertionError(msg)
    
        try:
            cond = (x.shape==() or y.shape==()) or x.shape == y.shape
            if not cond:
                msg = build_err_msg([x, y],
                                    err_msg
                                    + &apos;\n(shapes %s, %s mismatch)&apos; % (x.shape,
                                                                      y.shape),
                                    verbose=verbose, header=header,
                                    names=(&apos;x&apos;, &apos;y&apos;), precision=precision)
                if not cond :
                    raise AssertionError(msg)
    
            if isnumber(x) and isnumber(y):
                x_isnan, y_isnan = isnan(x), isnan(y)
                x_isinf, y_isinf = isinf(x), isinf(y)
    
                # Validate that the special values are in the same place
                if any(x_isnan) or any(y_isnan):
                    chk_same_position(x_isnan, y_isnan, hasval=&apos;nan&apos;)
                if any(x_isinf) or any(y_isinf):
                    # Check +inf and -inf separately, since they are different
                    chk_same_position(x == +inf, y == +inf, hasval=&apos;+inf&apos;)
                    chk_same_position(x == -inf, y == -inf, hasval=&apos;-inf&apos;)
    
                # Combine all the special values
                x_id, y_id = x_isnan, y_isnan
                x_id |= x_isinf
                y_id |= y_isinf
    
                # Only do the comparison if actual values are left
                if all(x_id):
                    return
    
                if any(x_id):
                    val = comparison(x[~x_id], y[~y_id])
                else:
                    val = comparison(x, y)
            else:
                val = comparison(x, y)
    
            if isinstance(val, bool):
                cond = val
                reduced = [0]
            else:
                reduced = val.ravel()
                cond = reduced.all()
                reduced = reduced.tolist()
            if not cond:
                match = 100-100.0*reduced.count(1)/len(reduced)
                msg = build_err_msg([x, y],
                                    err_msg
                                    + &apos;\n(mismatch %s%%)&apos; % (match,),
                                    verbose=verbose, header=header,
                                    names=(&apos;x&apos;, &apos;y&apos;), precision=precision)
                if not cond :
&gt;                   raise AssertionError(msg)
E                   AssertionError: 
E                   Arrays are not less-ordered
E                   labels considered are [&apos;FireAlarmFr&apos;, &apos;ClapHand&apos;, &apos;SmokeDetector&apos;, &apos;TacTac&apos;, &apos;HumanCaressHead&apos;, &apos;DoorBell01&apos;, &apos;FakeSneeze&apos;, &apos;RobotNoisePushed&apos;, &apos;ShutDoor&apos;, &apos;NoisePaper&apos;, &apos;ToyPig&apos;, &apos;HumanScratchHead&apos;, &apos;RobotNoiseMoving&apos;, &apos;DeskBell&apos;, &apos;BlowNose&apos;, &apos;Laugh&apos;, &apos;ToyMaracas&apos;, &apos;ToyGiraffe&apos;], predicted are [&apos;FireAlarmFr&apos;, &apos;FireAlarmFr&apos;, &apos;FireAlarmFr&apos;, &apos;FireAlarmFr&apos;, &apos;FireAlarmFr&apos;, &apos;FireAlarmFr&apos;, &apos;ToyMaracas&apos;, &apos;DeskBell&apos;, &apos;DeskBell&apos;, &apos;FakeSneeze&apos;, &apos;FakeSneeze&apos;, &apos;FireAlarmFr&apos;, &apos;FireAlarmFr&apos;, &apos;FireAlarmFr&apos;, &apos;FireAlarmFr&apos;, &apos;ToyMaracas&apos;, &apos;DeskBell&apos;, &apos;DeskBell&apos;, &apos;DeskBell&apos;, &apos;DeskBell&apos;, &apos;DeskBell&apos;, &apos;DeskBell&apos;, &apos;FakeSneeze&apos;, &apos;FakeSneeze&apos;, &apos;ToyMaracas&apos;, &apos;DeskBell&apos;, &apos;DeskBell&apos;, &apos;DeskBell&apos;, &apos;FireAlarmFr&apos;, &apos;FireAlarmFr&apos;, &apos;FireAlarmFr&apos;, &apos;FireAlarmFr&apos;, &apos;FireAlarmFr&apos;, &apos;FakeSneeze&apos;, &apos;NOTHING&apos;, &apos;NOTHING&apos;, &apos;NOTHING&apos;, &apos;NOTHING&apos;, &apos;NOTHING&apos;, &apos;NOTHING&apos;, &apos;NOTHING&apos;, &apos;NOTHING&apos;, &apos;NOTHING&apos;, &apos;NOTHING&apos;, &apos;NOTHING&apos;, &apos;NOTHING&apos;, &apos;NOTHING&apos;, &apos;NOTHING&apos;, &apos;NOTHING&apos;, &apos;NOTHING&apos;, &apos;NOTHING&apos;, &apos;NOTHING&apos;, &apos;NOTHING&apos;, &apos;NOTHING&apos;, &apos;NOTHING&apos;, &apos;NOTHING&apos;, &apos;NOTHING&apos;, &apos;NOTHING&apos;, &apos;NOTHING&apos;, &apos;NOTHING&apos;, &apos;NOTHING&apos;, &apos;NOTHING&apos;, &apos;NOTHING&apos;, &apos;NOTHING&apos;, &apos;NOTHING&apos;, &apos;NOTHING&apos;, &apos;NOTHING&apos;, &apos;NOTHING&apos;, &apos;NOTHING&apos;, &apos;NOTHING&apos;, &apos;NOTHING&apos;, &apos;NOTHING&apos;, &apos;NOTHING&apos;, &apos;NOTHING&apos;, &apos;NOTHING&apos;, &apos;NOTHING&apos;, &apos;NOTHING&apos;, &apos;NOTHING&apos;, &apos;NOTHING&apos;, &apos;NOTHING&apos;, &apos;NOTHING&apos;, &apos;NOTHING&apos;, &apos;NOTHING&apos;, &apos;NOTHING&apos;, &apos;NOTHING&apos;, &apos;NOTHING&apos;, &apos;FakeSneeze&apos;, &apos;DeskBell&apos;, &apos;DeskBell&apos;, &apos;SmokeDetector&apos;, &apos;FakeSneeze&apos;, &apos;FakeSneeze&apos;], expected are [&apos;FireAlarmFr&apos;, &apos;FireAlarmFr&apos;, &apos;FireAlarmFr&apos;, &apos;FireAlarmFr&apos;, &apos;FireAlarmFr&apos;, &apos;FireAlarmFr&apos;, &apos;ToyMaracas&apos;, &apos;DeskBell&apos;, &apos;DeskBell&apos;, &apos;FakeSneeze&apos;, &apos;FakeSneeze&apos;, &apos;FireAlarmFr&apos;, &apos;FireAlarmFr&apos;, &apos;FireAlarmFr&apos;, &apos;FireAlarmFr&apos;, &apos;ToyMaracas&apos;, &apos;DeskBell&apos;, &apos;DeskBell&apos;, &apos;DeskBell&apos;, &apos;DeskBell&apos;, &apos;DeskBell&apos;, &apos;DeskBell&apos;, &apos;FakeSneeze&apos;, &apos;FakeSneeze&apos;, &apos;ToyMaracas&apos;, &apos;DeskBell&apos;, &apos;DeskBell&apos;, &apos;DeskBell&apos;, &apos;FireAlarmFr&apos;, &apos;FireAlarmFr&apos;, &apos;FireAlarmFr&apos;, &apos;FireAlarmFr&apos;, &apos;FireAlarmFr&apos;, &apos;DoorBell01&apos;, &apos;BlowNose&apos;, &apos;ClapHand&apos;, &apos;ClapHand&apos;, &apos;DeskBell&apos;, &apos;FakeSneeze&apos;, &apos;HumanCaressHead&apos;, &apos;HumanScratchHead&apos;, &apos;HumanTapHead&apos;, &apos;Laugh&apos;, &apos;NoisePaper&apos;, &apos;RobotNoiseMoving&apos;, &apos;RobotNoisePushed&apos;, &apos;SmokeDetector&apos;, &apos;ShutDoor&apos;, &apos;ShutDoor&apos;, &apos;(Opening a door)&apos;, &apos;ShutDoor&apos;, &apos;TacTac&apos;, &apos;ToyGiraffe&apos;, &apos;ToyPig&apos;, &apos;ClapHand&apos;, &apos;DoorBell01&apos;, &apos;(romeo speaking)&apos;, &apos;HumanCaressHead&apos;, &apos;HumanScratchHead&apos;, &apos;HumanTapHead&apos;, &apos;Laugh&apos;, &apos;NoisePaper&apos;, &apos;RobotNoiseMoving&apos;, &apos;RobotNoisePushed&apos;, &apos;ShutDoor&apos;, &apos;(opening a door)&apos;, &apos;ShutDoor&apos;, &apos;ShutDoor&apos;, &apos;ShutDoor&apos;, &apos;SmokeDetector&apos;, &apos;TacTac&apos;, &apos;ToyPig&apos;, &apos;ToyGiraffe&apos;, &apos;ToyChicken&apos;, &apos;DoorBell01&apos;, &apos;ToyPig&apos;, &apos;ToyGiraffe&apos;, &apos;ToyMaracas&apos;, &apos;ToyPig&apos;, &apos;ToyChicken&apos;, &apos;DoorBell01&apos;, &apos;ToyPig&apos;, &apos;ShutDoor&apos;, &apos;ToyGiraffe&apos;, &apos;ToyChicken&apos;, &apos;ClapHand&apos;, &apos;NOTHING&apos;, &apos;NOTHING&apos;, &apos;NOTHING&apos;, &apos;NOTHING&apos;, &apos;NOTHING&apos;, &apos;NOTHING&apos;]
E                   (mismatch 11.1111111111%)
E                    x: array(0.7)
E                    y: array([ 1.      ,  1.      ,  0.      ,  1.      ,  1.      ,  1.      ,
E                           0.5     ,  1.      ,  1.      ,  1.      ,  1.      ,  1.      ,
E                           1.      ,  0.846154,  1.      ,  1.      ,  1.      ,  1.      ])

/home/lgeorge/anaconda/lib/python2.7/site-packages/numpy/testing/utils.py:665: AssertionError</failure><system-out>CLF is SVC(C=1.0, cache_size=200, class_weight=None, coef0=0.0, degree=3, gamma=0.0,
  kernel=&apos;rbf&apos;, max_iter=-1, probability=True, random_state=None,
  shrinking=True, tol=0.001, verbose=False)
warning file /home/lgeorge/fastSSD/projects/protolab/sound_recognition/recognition_application/tests/dataset_aldebaran_allsounds.tar.gz?dl=0_directory/DeskBell/DeskBell-025-Romeo.wav, wrong fs 44100, using it.. please remove the file if you don&apos;t want
warning file /home/lgeorge/fastSSD/projects/protolab/sound_recognition/recognition_application/tests/dataset_aldebaran_allsounds.tar.gz?dl=0_directory/DeskBell/DeskBell-023-Romeo.wav, wrong fs 44100, using it.. please remove the file if you don&apos;t want
warning file /home/lgeorge/fastSSD/projects/protolab/sound_recognition/recognition_application/tests/dataset_aldebaran_allsounds.tar.gz?dl=0_directory/DeskBell/DeskBell-024-Romeo.wav, wrong fs 44100, using it.. please remove the file if you don&apos;t want
CLF is SVC(C=1.0, cache_size=200, class_weight=None, coef0=0.0, degree=3, gamma=0.0,
  kernel=&apos;rbf&apos;, max_iter=-1, probability=True, random_state=None,
  shrinking=True, tol=0.001, verbose=False)
warning file /home/lgeorge/fastSSD/projects/protolab/sound_recognition/recognition_application/tests/dataset_aldebaran_allsounds.tar.gz?dl=0_directory/DeskBell/DeskBell-025-Romeo.wav, wrong fs 44100, using it.. please remove the file if you don&apos;t want
warning file /home/lgeorge/fastSSD/projects/protolab/sound_recognition/recognition_application/tests/dataset_aldebaran_allsounds.tar.gz?dl=0_directory/DeskBell/DeskBell-023-Romeo.wav, wrong fs 44100, using it.. please remove the file if you don&apos;t want
warning file /home/lgeorge/fastSSD/projects/protolab/sound_recognition/recognition_application/tests/dataset_aldebaran_allsounds.tar.gz?dl=0_directory/DeskBell/DeskBell-024-Romeo.wav, wrong fs 44100, using it.. please remove the file if you don&apos;t want
CLF is SVC(C=1.0, cache_size=200, class_weight=None, coef0=0.0, degree=3, gamma=0.0,
  kernel=&apos;rbf&apos;, max_iter=-1, probability=True, random_state=None,
  shrinking=True, tol=0.001, verbose=False)
Exception fs (44100) != self.fs (48000.0) detected on /home/lgeorge/fastSSD/projects/protolab/sound_recognition/recognition_application/tests/dataset_aldebaran_allsounds.tar.gz?dl=0_directory/DeskBell/DeskBell-025-Romeo.wav
Exception fs (44100) != self.fs (48000.0) detected on /home/lgeorge/fastSSD/projects/protolab/sound_recognition/recognition_application/tests/dataset_aldebaran_allsounds.tar.gz?dl=0_directory/DeskBell/DeskBell-023-Romeo.wav
Exception fs (44100) != self.fs (48000.0) detected on /home/lgeorge/fastSSD/projects/protolab/sound_recognition/recognition_application/tests/dataset_aldebaran_allsounds.tar.gz?dl=0_directory/DeskBell/DeskBell-024-Romeo.wav
CLF is SVC(C=1.0, cache_size=200, class_weight=None, coef0=0.0, degree=3, gamma=0.0,
  kernel=&apos;rbf&apos;, max_iter=-1, probability=True, random_state=None,
  shrinking=True, tol=0.001, verbose=False)
warning file /home/lgeorge/fastSSD/projects/protolab/sound_recognition/recognition_application/tests/dataset_aldebaran_allsounds.tar.gz?dl=0_directory/DeskBell/DeskBell-025-Romeo.wav, wrong fs 44100, using it.. please remove the file if you don&apos;t want
warning file /home/lgeorge/fastSSD/projects/protolab/sound_recognition/recognition_application/tests/dataset_aldebaran_allsounds.tar.gz?dl=0_directory/DeskBell/DeskBell-023-Romeo.wav, wrong fs 44100, using it.. please remove the file if you don&apos;t want
warning file /home/lgeorge/fastSSD/projects/protolab/sound_recognition/recognition_application/tests/dataset_aldebaran_allsounds.tar.gz?dl=0_directory/DeskBell/DeskBell-024-Romeo.wav, wrong fs 44100, using it.. please remove the file if you don&apos;t want
confidence threshold are {&apos;DoorBell01&apos;: 0.32000000000000001, &apos;ShutDoor&apos;: 0.62, &apos;DoorBell02&apos;: 0.11754567754735858, &apos;FireAlarmFr&apos;: 0.11754567754735858, &apos;ApplauseLight&apos;: 0.11754567754735858, &apos;NoisePaper&apos;: 0.11754567754735858, &apos;ClapHand&apos;: 0.52000000000000002, &apos;ToyPig&apos;: 0.72999999999999998, &apos;SmokeDetector&apos;: 0.11754567754735858, &apos;HumanScratchHead&apos;: 0.60999999999999999, &apos;TacTac&apos;: 0.51000000000000001, &apos;HumanCaressHead&apos;: 0.48999999999999999, &apos;RobotNoiseMoving&apos;: 0.32000000000000001, &apos;Whistle&apos;: 0.39000000000000001, &apos;FakeSneeze&apos;: 0.25, &apos;DeskBell&apos;: 0.11754567754735858, &apos;BlowNose&apos;: 0.11754567754735858, &apos;Laugh&apos;: 0.11754567754735858, &apos;RobotNoisePushed&apos;: 0.11754567754735858, &apos;ToyMaracas&apos;: 0.11754567754735858, &apos;ToyGiraffe&apos;: 0.71999999999999997}
confidence coefficients are {&apos;RobotNoiseMoving&apos;: 2.8125, &apos;ShutDoor&apos;: 1.4516129032258065, &apos;FireAlarmFr&apos;: 7.656598003251923, &apos;ApplauseLight&apos;: 7.656598003251923, &apos;NoisePaper&apos;: 7.656598003251923, &apos;ToyGiraffe&apos;: 1.25, &apos;ClapHand&apos;: 1.7307692307692308, &apos;ToyPig&apos;: 1.2328767123287672, &apos;SmokeDetector&apos;: 7.656598003251923, &apos;HumanScratchHead&apos;: 1.4754098360655739, &apos;TacTac&apos;: 1.7647058823529411, &apos;HumanCaressHead&apos;: 1.836734693877551, &apos;DoorBell01&apos;: 2.8125, &apos;Whistle&apos;: 2.3076923076923075, &apos;DoorBell02&apos;: 7.656598003251923, &apos;DeskBell&apos;: 7.656598003251923, &apos;BlowNose&apos;: 7.656598003251923, &apos;Laugh&apos;: 7.656598003251923, &apos;RobotNoisePushed&apos;: 7.656598003251923, &apos;ToyMaracas&apos;: 7.656598003251923, &apos;FakeSneeze&apos;: 3.6}
ignoring labels [&apos;(romeo speaking)&apos;, &apos;(opening a door)&apos;, &apos;(Opening a door)&apos;, &apos;HumanTapHead&apos;, &apos;ToyChicken&apos;, &apos;NOTHING&apos;], not present in learning dataset
</system-out><system-err>/home/lgeorge/anaconda/lib/python2.7/site-packages/sklearn/cross_validation.py:417: Warning: The least populated class in y has only 1 members, which is too few. The minimum number of labels for any class cannot be less than n_folds=3.
  % (min_labels, self.n_folds)), Warning)
</system-err></testcase><testcase classname="tests.test_successive_detection.TestMultipleDetectionsWithCalibrationEuropythonDataset" name="test_recall" time="0.000797033309937"><failure message="AssertionError: 
Arrays are not less-ordered
labels considered are [&apos;FireAlarmFr&apos;, &apos;ClapHand&apos;, &apos;SmokeDetector&apos;, &apos;TacTac&apos;, &apos;HumanCaressHead&apos;, &apos;DoorBell01&apos;, &apos;FakeSneeze&apos;, &apos;RobotNoisePushed&apos;, &apos;ShutDoor&apos;, &apos;NoisePaper&apos;, &apos;ToyPig&apos;, &apos;HumanScratchHead&apos;, &apos;RobotNoiseMoving&apos;, &apos;DeskBell&apos;, &apos;BlowNose&apos;, &apos;Laugh&apos;, &apos;ToyMaracas&apos;, &apos;ToyGiraffe&apos;] predicted are [&apos;FireAlarmFr&apos;, &apos;FireAlarmFr&apos;, &apos;FireAlarmFr&apos;, &apos;FireAlarmFr&apos;, &apos;FireAlarmFr&apos;, &apos;FireAlarmFr&apos;, &apos;ToyMaracas&apos;, &apos;DeskBell&apos;, &apos;DeskBell&apos;, &apos;FakeSneeze&apos;, &apos;FakeSneeze&apos;, &apos;FireAlarmFr&apos;, &apos;FireAlarmFr&apos;, &apos;FireAlarmFr&apos;, &apos;FireAlarmFr&apos;, &apos;ToyMaracas&apos;, &apos;DeskBell&apos;, &apos;DeskBell&apos;, &apos;DeskBell&apos;, &apos;DeskBell&apos;, &apos;DeskBell&apos;, &apos;DeskBell&apos;, &apos;FakeSneeze&apos;, &apos;FakeSneeze&apos;, &apos;ToyMaracas&apos;, &apos;DeskBell&apos;, &apos;DeskBell&apos;, &apos;DeskBell&apos;, &apos;FireAlarmFr&apos;, &apos;FireAlarmFr&apos;, &apos;FireAlarmFr&apos;, &apos;FireAlarmFr&apos;, &apos;FireAlarmFr&apos;, &apos;FakeSneeze&apos;, &apos;NOTHING&apos;, &apos;NOTHING&apos;, &apos;NOTHING&apos;, &apos;NOTHING&apos;, &apos;NOTHING&apos;, &apos;NOTHING&apos;, &apos;NOTHING&apos;, &apos;NOTHING&apos;, &apos;NOTHING&apos;, &apos;NOTHING&apos;, &apos;NOTHING&apos;, &apos;NOTHING&apos;, &apos;NOTHING&apos;, &apos;NOTHING&apos;, &apos;NOTHING&apos;, &apos;NOTHING&apos;, &apos;NOTHING&apos;, &apos;NOTHING&apos;, &apos;NOTHING&apos;, &apos;NOTHING&apos;, &apos;NOTHING&apos;, &apos;NOTHING&apos;, &apos;NOTHING&apos;, &apos;NOTHING&apos;, &apos;NOTHING&apos;, &apos;NOTHING&apos;, &apos;NOTHING&apos;, &apos;NOTHING&apos;, &apos;NOTHING&apos;, &apos;NOTHING&apos;, &apos;NOTHING&apos;, &apos;NOTHING&apos;, &apos;NOTHING&apos;, &apos;NOTHING&apos;, &apos;NOTHING&apos;, &apos;NOTHING&apos;, &apos;NOTHING&apos;, &apos;NOTHING&apos;, &apos;NOTHING&apos;, &apos;NOTHING&apos;, &apos;NOTHING&apos;, &apos;NOTHING&apos;, &apos;NOTHING&apos;, &apos;NOTHING&apos;, &apos;NOTHING&apos;, &apos;NOTHING&apos;, &apos;NOTHING&apos;, &apos;NOTHING&apos;, &apos;NOTHING&apos;, &apos;NOTHING&apos;, &apos;NOTHING&apos;, &apos;NOTHING&apos;, &apos;FakeSneeze&apos;, &apos;DeskBell&apos;, &apos;DeskBell&apos;, &apos;SmokeDetector&apos;, &apos;FakeSneeze&apos;, &apos;FakeSneeze&apos;], expected are [&apos;FireAlarmFr&apos;, &apos;FireAlarmFr&apos;, &apos;FireAlarmFr&apos;, &apos;FireAlarmFr&apos;, &apos;FireAlarmFr&apos;, &apos;FireAlarmFr&apos;, &apos;ToyMaracas&apos;, &apos;DeskBell&apos;, &apos;DeskBell&apos;, &apos;FakeSneeze&apos;, &apos;FakeSneeze&apos;, &apos;FireAlarmFr&apos;, &apos;FireAlarmFr&apos;, &apos;FireAlarmFr&apos;, &apos;FireAlarmFr&apos;, &apos;ToyMaracas&apos;, &apos;DeskBell&apos;, &apos;DeskBell&apos;, &apos;DeskBell&apos;, &apos;DeskBell&apos;, &apos;DeskBell&apos;, &apos;DeskBell&apos;, &apos;FakeSneeze&apos;, &apos;FakeSneeze&apos;, &apos;ToyMaracas&apos;, &apos;DeskBell&apos;, &apos;DeskBell&apos;, &apos;DeskBell&apos;, &apos;FireAlarmFr&apos;, &apos;FireAlarmFr&apos;, &apos;FireAlarmFr&apos;, &apos;FireAlarmFr&apos;, &apos;FireAlarmFr&apos;, &apos;DoorBell01&apos;, &apos;BlowNose&apos;, &apos;ClapHand&apos;, &apos;ClapHand&apos;, &apos;DeskBell&apos;, &apos;FakeSneeze&apos;, &apos;HumanCaressHead&apos;, &apos;HumanScratchHead&apos;, &apos;HumanTapHead&apos;, &apos;Laugh&apos;, &apos;NoisePaper&apos;, &apos;RobotNoiseMoving&apos;, &apos;RobotNoisePushed&apos;, &apos;SmokeDetector&apos;, &apos;ShutDoor&apos;, &apos;ShutDoor&apos;, &apos;(Opening a door)&apos;, &apos;ShutDoor&apos;, &apos;TacTac&apos;, &apos;ToyGiraffe&apos;, &apos;ToyPig&apos;, &apos;ClapHand&apos;, &apos;DoorBell01&apos;, &apos;(romeo speaking)&apos;, &apos;HumanCaressHead&apos;, &apos;HumanScratchHead&apos;, &apos;HumanTapHead&apos;, &apos;Laugh&apos;, &apos;NoisePaper&apos;, &apos;RobotNoiseMoving&apos;, &apos;RobotNoisePushed&apos;, &apos;ShutDoor&apos;, &apos;(opening a door)&apos;, &apos;ShutDoor&apos;, &apos;ShutDoor&apos;, &apos;ShutDoor&apos;, &apos;SmokeDetector&apos;, &apos;TacTac&apos;, &apos;ToyPig&apos;, &apos;ToyGiraffe&apos;, &apos;ToyChicken&apos;, &apos;DoorBell01&apos;, &apos;ToyPig&apos;, &apos;ToyGiraffe&apos;, &apos;ToyMaracas&apos;, &apos;ToyPig&apos;, &apos;ToyChicken&apos;, &apos;DoorBell01&apos;, &apos;ToyPig&apos;, &apos;ShutDoor&apos;, &apos;ToyGiraffe&apos;, &apos;ToyChicken&apos;, &apos;ClapHand&apos;, &apos;NOTHING&apos;, &apos;NOTHING&apos;, &apos;NOTHING&apos;, &apos;NOTHING&apos;, &apos;NOTHING&apos;, &apos;NOTHING&apos;]
(mismatch 77.7777777778%)
 x: array(0.7)
 y: array([ 1.      ,  0.      ,  0.      ,  0.      ,  0.      ,  0.      ,
        0.8     ,  0.      ,  0.      ,  0.      ,  0.      ,  0.      ,
        0.      ,  0.916667,  0.      ,  0.      ,  0.75    ,  0.      ])">self = &lt;tests.test_successive_detection.TestMultipleDetectionsWithCalibrationEuropythonDataset testMethod=test_recall&gt;

    def test_recall(self):
        # for recall we also ignore labels not present in the test_wav_file
        print(&quot;ignoring labels %s, not present in learning dataset&quot; % str(self.labels_to_ignore))
        print(&quot;considering only labels present in wavfile %s&quot; % str(self.labels_present_in_wavfile))
        labels_to_ignore = self.labels_to_ignore + [label for label in self.labels if label not in self.labels_present_in_wavfile]
        labels_to_consider = [l for l in self.labels if l not in labels_to_ignore]
        labels_to_consider_index = [num for (num, val) in enumerate(self.labels) if val in labels_to_consider]
        # we use assert array less because it provide a pecent mismatch, easier to read.. it&apos;s equivalent to checking all values above min_recall
&gt;       np.testing.assert_array_less(self.min_recall, self.recalls[labels_to_consider_index], &quot;labels considered are {} predicted are {}, expected are {}&quot;.format(self.labels_to_consider, self.predicted, self.expected))

test_successive_detection.py:218: 
_ _ _ _ _ _ _ _ _ _ _ _ _ _ _ _ _ _ _ _ _ _ _ _ _ _ _ _ _ _ _ _ _ _ _ _ _ _ _ _ _ _ _ _ _ _ _ _ _ _ _ _ _ _ _ _ _ _ _ _ _ _ _ _ _ _ _ _ _ _ _ _ _ _ _ _ _ _ _ _ _ _ _ _ _ _ _ _ _ _ _ _ _ _ _ _ _ _ _ _ _ _ _ _ _ _ _ _ _ _ _ _ _ _ _ _ _ _ _ _ _ _ _ _ _ _ _ _ _ _ _ _ _ _ _ _ _ _ _ 
/home/lgeorge/anaconda/lib/python2.7/site-packages/numpy/testing/utils.py:913: in assert_array_less
    header=&apos;Arrays are not less-ordered&apos;)
_ _ _ _ _ _ _ _ _ _ _ _ _ _ _ _ _ _ _ _ _ _ _ _ _ _ _ _ _ _ _ _ _ _ _ _ _ _ _ _ _ _ _ _ _ _ _ _ _ _ _ _ _ _ _ _ _ _ _ _ _ _ _ _ _ _ _ _ _ _ _ _ _ _ _ _ _ _ _ _ _ _ _ _ _ _ _ _ _ _ _ _ _ _ _ _ _ _ _ _ _ _ _ _ _ _ _ _ _ _ _ _ _ _ _ _ _ _ _ _ _ _ _ _ _ _ _ _ _ _ _ _ _ _ _ _ _ _ _ 

comparison = &lt;built-in function __lt__&gt;, x = array(0.7), y = array([ 1.        ,  0.        ,  0.        ,  0.        ,  0.        ,
      ...     ,  0.91666667,  0.        ,
        0.        ,  0.75      ,  0.        ])
err_msg = &quot;labels considered are [&apos;FireAlarmFr&apos;, &apos;ClapHand&apos;, &apos;SmokeDetector&apos;, &apos;TacTac&apos;, &apos;HumanCaressHead&apos;, &apos;DoorBell01&apos;, &apos;FakeSn... &apos;ShutDoor&apos;, &apos;ToyGiraffe&apos;, &apos;ToyChicken&apos;, &apos;ClapHand&apos;, &apos;NOTHING&apos;, &apos;NOTHING&apos;, &apos;NOTHING&apos;, &apos;NOTHING&apos;, &apos;NOTHING&apos;, &apos;NOTHING&apos;]&quot;, verbose = True
header = &apos;Arrays are not less-ordered&apos;, precision = 6

    def assert_array_compare(comparison, x, y, err_msg=&apos;&apos;, verbose=True,
                             header=&apos;&apos;, precision=6):
        from numpy.core import array, isnan, isinf, any, all, inf
        x = array(x, copy=False, subok=True)
        y = array(y, copy=False, subok=True)
    
        def isnumber(x):
            return x.dtype.char in &apos;?bhilqpBHILQPefdgFDG&apos;
    
        def chk_same_position(x_id, y_id, hasval=&apos;nan&apos;):
            &quot;&quot;&quot;Handling nan/inf: check that x and y have the nan/inf at the same
            locations.&quot;&quot;&quot;
            try:
                assert_array_equal(x_id, y_id)
            except AssertionError:
                msg = build_err_msg([x, y],
                                    err_msg + &apos;\nx and y %s location mismatch:&apos; \
                                    % (hasval), verbose=verbose, header=header,
                                    names=(&apos;x&apos;, &apos;y&apos;), precision=precision)
                raise AssertionError(msg)
    
        try:
            cond = (x.shape==() or y.shape==()) or x.shape == y.shape
            if not cond:
                msg = build_err_msg([x, y],
                                    err_msg
                                    + &apos;\n(shapes %s, %s mismatch)&apos; % (x.shape,
                                                                      y.shape),
                                    verbose=verbose, header=header,
                                    names=(&apos;x&apos;, &apos;y&apos;), precision=precision)
                if not cond :
                    raise AssertionError(msg)
    
            if isnumber(x) and isnumber(y):
                x_isnan, y_isnan = isnan(x), isnan(y)
                x_isinf, y_isinf = isinf(x), isinf(y)
    
                # Validate that the special values are in the same place
                if any(x_isnan) or any(y_isnan):
                    chk_same_position(x_isnan, y_isnan, hasval=&apos;nan&apos;)
                if any(x_isinf) or any(y_isinf):
                    # Check +inf and -inf separately, since they are different
                    chk_same_position(x == +inf, y == +inf, hasval=&apos;+inf&apos;)
                    chk_same_position(x == -inf, y == -inf, hasval=&apos;-inf&apos;)
    
                # Combine all the special values
                x_id, y_id = x_isnan, y_isnan
                x_id |= x_isinf
                y_id |= y_isinf
    
                # Only do the comparison if actual values are left
                if all(x_id):
                    return
    
                if any(x_id):
                    val = comparison(x[~x_id], y[~y_id])
                else:
                    val = comparison(x, y)
            else:
                val = comparison(x, y)
    
            if isinstance(val, bool):
                cond = val
                reduced = [0]
            else:
                reduced = val.ravel()
                cond = reduced.all()
                reduced = reduced.tolist()
            if not cond:
                match = 100-100.0*reduced.count(1)/len(reduced)
                msg = build_err_msg([x, y],
                                    err_msg
                                    + &apos;\n(mismatch %s%%)&apos; % (match,),
                                    verbose=verbose, header=header,
                                    names=(&apos;x&apos;, &apos;y&apos;), precision=precision)
                if not cond :
&gt;                   raise AssertionError(msg)
E                   AssertionError: 
E                   Arrays are not less-ordered
E                   labels considered are [&apos;FireAlarmFr&apos;, &apos;ClapHand&apos;, &apos;SmokeDetector&apos;, &apos;TacTac&apos;, &apos;HumanCaressHead&apos;, &apos;DoorBell01&apos;, &apos;FakeSneeze&apos;, &apos;RobotNoisePushed&apos;, &apos;ShutDoor&apos;, &apos;NoisePaper&apos;, &apos;ToyPig&apos;, &apos;HumanScratchHead&apos;, &apos;RobotNoiseMoving&apos;, &apos;DeskBell&apos;, &apos;BlowNose&apos;, &apos;Laugh&apos;, &apos;ToyMaracas&apos;, &apos;ToyGiraffe&apos;] predicted are [&apos;FireAlarmFr&apos;, &apos;FireAlarmFr&apos;, &apos;FireAlarmFr&apos;, &apos;FireAlarmFr&apos;, &apos;FireAlarmFr&apos;, &apos;FireAlarmFr&apos;, &apos;ToyMaracas&apos;, &apos;DeskBell&apos;, &apos;DeskBell&apos;, &apos;FakeSneeze&apos;, &apos;FakeSneeze&apos;, &apos;FireAlarmFr&apos;, &apos;FireAlarmFr&apos;, &apos;FireAlarmFr&apos;, &apos;FireAlarmFr&apos;, &apos;ToyMaracas&apos;, &apos;DeskBell&apos;, &apos;DeskBell&apos;, &apos;DeskBell&apos;, &apos;DeskBell&apos;, &apos;DeskBell&apos;, &apos;DeskBell&apos;, &apos;FakeSneeze&apos;, &apos;FakeSneeze&apos;, &apos;ToyMaracas&apos;, &apos;DeskBell&apos;, &apos;DeskBell&apos;, &apos;DeskBell&apos;, &apos;FireAlarmFr&apos;, &apos;FireAlarmFr&apos;, &apos;FireAlarmFr&apos;, &apos;FireAlarmFr&apos;, &apos;FireAlarmFr&apos;, &apos;FakeSneeze&apos;, &apos;NOTHING&apos;, &apos;NOTHING&apos;, &apos;NOTHING&apos;, &apos;NOTHING&apos;, &apos;NOTHING&apos;, &apos;NOTHING&apos;, &apos;NOTHING&apos;, &apos;NOTHING&apos;, &apos;NOTHING&apos;, &apos;NOTHING&apos;, &apos;NOTHING&apos;, &apos;NOTHING&apos;, &apos;NOTHING&apos;, &apos;NOTHING&apos;, &apos;NOTHING&apos;, &apos;NOTHING&apos;, &apos;NOTHING&apos;, &apos;NOTHING&apos;, &apos;NOTHING&apos;, &apos;NOTHING&apos;, &apos;NOTHING&apos;, &apos;NOTHING&apos;, &apos;NOTHING&apos;, &apos;NOTHING&apos;, &apos;NOTHING&apos;, &apos;NOTHING&apos;, &apos;NOTHING&apos;, &apos;NOTHING&apos;, &apos;NOTHING&apos;, &apos;NOTHING&apos;, &apos;NOTHING&apos;, &apos;NOTHING&apos;, &apos;NOTHING&apos;, &apos;NOTHING&apos;, &apos;NOTHING&apos;, &apos;NOTHING&apos;, &apos;NOTHING&apos;, &apos;NOTHING&apos;, &apos;NOTHING&apos;, &apos;NOTHING&apos;, &apos;NOTHING&apos;, &apos;NOTHING&apos;, &apos;NOTHING&apos;, &apos;NOTHING&apos;, &apos;NOTHING&apos;, &apos;NOTHING&apos;, &apos;NOTHING&apos;, &apos;NOTHING&apos;, &apos;NOTHING&apos;, &apos;NOTHING&apos;, &apos;NOTHING&apos;, &apos;NOTHING&apos;, &apos;FakeSneeze&apos;, &apos;DeskBell&apos;, &apos;DeskBell&apos;, &apos;SmokeDetector&apos;, &apos;FakeSneeze&apos;, &apos;FakeSneeze&apos;], expected are [&apos;FireAlarmFr&apos;, &apos;FireAlarmFr&apos;, &apos;FireAlarmFr&apos;, &apos;FireAlarmFr&apos;, &apos;FireAlarmFr&apos;, &apos;FireAlarmFr&apos;, &apos;ToyMaracas&apos;, &apos;DeskBell&apos;, &apos;DeskBell&apos;, &apos;FakeSneeze&apos;, &apos;FakeSneeze&apos;, &apos;FireAlarmFr&apos;, &apos;FireAlarmFr&apos;, &apos;FireAlarmFr&apos;, &apos;FireAlarmFr&apos;, &apos;ToyMaracas&apos;, &apos;DeskBell&apos;, &apos;DeskBell&apos;, &apos;DeskBell&apos;, &apos;DeskBell&apos;, &apos;DeskBell&apos;, &apos;DeskBell&apos;, &apos;FakeSneeze&apos;, &apos;FakeSneeze&apos;, &apos;ToyMaracas&apos;, &apos;DeskBell&apos;, &apos;DeskBell&apos;, &apos;DeskBell&apos;, &apos;FireAlarmFr&apos;, &apos;FireAlarmFr&apos;, &apos;FireAlarmFr&apos;, &apos;FireAlarmFr&apos;, &apos;FireAlarmFr&apos;, &apos;DoorBell01&apos;, &apos;BlowNose&apos;, &apos;ClapHand&apos;, &apos;ClapHand&apos;, &apos;DeskBell&apos;, &apos;FakeSneeze&apos;, &apos;HumanCaressHead&apos;, &apos;HumanScratchHead&apos;, &apos;HumanTapHead&apos;, &apos;Laugh&apos;, &apos;NoisePaper&apos;, &apos;RobotNoiseMoving&apos;, &apos;RobotNoisePushed&apos;, &apos;SmokeDetector&apos;, &apos;ShutDoor&apos;, &apos;ShutDoor&apos;, &apos;(Opening a door)&apos;, &apos;ShutDoor&apos;, &apos;TacTac&apos;, &apos;ToyGiraffe&apos;, &apos;ToyPig&apos;, &apos;ClapHand&apos;, &apos;DoorBell01&apos;, &apos;(romeo speaking)&apos;, &apos;HumanCaressHead&apos;, &apos;HumanScratchHead&apos;, &apos;HumanTapHead&apos;, &apos;Laugh&apos;, &apos;NoisePaper&apos;, &apos;RobotNoiseMoving&apos;, &apos;RobotNoisePushed&apos;, &apos;ShutDoor&apos;, &apos;(opening a door)&apos;, &apos;ShutDoor&apos;, &apos;ShutDoor&apos;, &apos;ShutDoor&apos;, &apos;SmokeDetector&apos;, &apos;TacTac&apos;, &apos;ToyPig&apos;, &apos;ToyGiraffe&apos;, &apos;ToyChicken&apos;, &apos;DoorBell01&apos;, &apos;ToyPig&apos;, &apos;ToyGiraffe&apos;, &apos;ToyMaracas&apos;, &apos;ToyPig&apos;, &apos;ToyChicken&apos;, &apos;DoorBell01&apos;, &apos;ToyPig&apos;, &apos;ShutDoor&apos;, &apos;ToyGiraffe&apos;, &apos;ToyChicken&apos;, &apos;ClapHand&apos;, &apos;NOTHING&apos;, &apos;NOTHING&apos;, &apos;NOTHING&apos;, &apos;NOTHING&apos;, &apos;NOTHING&apos;, &apos;NOTHING&apos;]
E                   (mismatch 77.7777777778%)
E                    x: array(0.7)
E                    y: array([ 1.      ,  0.      ,  0.      ,  0.      ,  0.      ,  0.      ,
E                           0.8     ,  0.      ,  0.      ,  0.      ,  0.      ,  0.      ,
E                           0.      ,  0.916667,  0.      ,  0.      ,  0.75    ,  0.      ])

/home/lgeorge/anaconda/lib/python2.7/site-packages/numpy/testing/utils.py:665: AssertionError</failure><system-out>ignoring labels [&apos;(romeo speaking)&apos;, &apos;(opening a door)&apos;, &apos;(Opening a door)&apos;, &apos;HumanTapHead&apos;, &apos;ToyChicken&apos;, &apos;NOTHING&apos;], not present in learning dataset
considering only labels present in wavfile set([&apos;(opening a door)&apos;, &apos;ClapHand&apos;, &apos;HumanCaressHead&apos;, &apos;ShutDoor&apos;, &apos;(Opening a door)&apos;, &apos;NoisePaper&apos;, &apos;HumanTapHead&apos;, &apos;HumanScratchHead&apos;, &apos;RobotNoiseMoving&apos;, &apos;BlowNose&apos;, &apos;ToyMaracas&apos;, &apos;ToyGiraffe&apos;, &apos;FireAlarmFr&apos;, &apos;SmokeDetector&apos;, &apos;TacTac&apos;, &apos;DoorBell01&apos;, &apos;FakeSneeze&apos;, &apos;(romeo speaking)&apos;, &apos;RobotNoisePushed&apos;, &apos;ToyPig&apos;, &apos;DeskBell&apos;, &apos;Laugh&apos;, &apos;ToyChicken&apos;])
</system-out></testcase><testcase classname="tests.test_successive_detection.TestMultipleDetectionsWithCalibrationEuropythonDataset" name="test_setup" time="5.41210174561e-05"/><testcase classname="tests.test_successive_detection.TestMultipleDetectionsWithCalibrationEuropythonDatasetSimpleBell" name="test_precision" time="0.000308990478516"><system-out>CLF is SVC(C=1.0, cache_size=200, class_weight=None, coef0=0.0, degree=3, gamma=0.0,
  kernel=&apos;rbf&apos;, max_iter=-1, probability=True, random_state=None,
  shrinking=True, tol=0.001, verbose=False)
warning file /home/lgeorge/fastSSD/projects/protolab/sound_recognition/recognition_application/tests/dataset_aldebaran_6sounds.tar.gz?dl=0_directory/DeskBell-025-Romeo.wav, wrong fs 44100, using it.. please remove the file if you don&apos;t want
warning file /home/lgeorge/fastSSD/projects/protolab/sound_recognition/recognition_application/tests/dataset_aldebaran_6sounds.tar.gz?dl=0_directory/DeskBell-023-Romeo.wav, wrong fs 44100, using it.. please remove the file if you don&apos;t want
warning file /home/lgeorge/fastSSD/projects/protolab/sound_recognition/recognition_application/tests/dataset_aldebaran_6sounds.tar.gz?dl=0_directory/DeskBell-024-Romeo.wav, wrong fs 44100, using it.. please remove the file if you don&apos;t want
CLF is SVC(C=1.0, cache_size=200, class_weight=None, coef0=0.0, degree=3, gamma=0.0,
  kernel=&apos;rbf&apos;, max_iter=-1, probability=True, random_state=None,
  shrinking=True, tol=0.001, verbose=False)
warning file /home/lgeorge/fastSSD/projects/protolab/sound_recognition/recognition_application/tests/dataset_aldebaran_6sounds.tar.gz?dl=0_directory/DeskBell-025-Romeo.wav, wrong fs 44100, using it.. please remove the file if you don&apos;t want
warning file /home/lgeorge/fastSSD/projects/protolab/sound_recognition/recognition_application/tests/dataset_aldebaran_6sounds.tar.gz?dl=0_directory/DeskBell-023-Romeo.wav, wrong fs 44100, using it.. please remove the file if you don&apos;t want
warning file /home/lgeorge/fastSSD/projects/protolab/sound_recognition/recognition_application/tests/dataset_aldebaran_6sounds.tar.gz?dl=0_directory/DeskBell-024-Romeo.wav, wrong fs 44100, using it.. please remove the file if you don&apos;t want
CLF is SVC(C=1.0, cache_size=200, class_weight=None, coef0=0.0, degree=3, gamma=0.0,
  kernel=&apos;rbf&apos;, max_iter=-1, probability=True, random_state=None,
  shrinking=True, tol=0.001, verbose=False)
Exception fs (44100) != self.fs (48000.0) detected on /home/lgeorge/fastSSD/projects/protolab/sound_recognition/recognition_application/tests/dataset_aldebaran_6sounds.tar.gz?dl=0_directory/DeskBell-025-Romeo.wav
Exception fs (44100) != self.fs (48000.0) detected on /home/lgeorge/fastSSD/projects/protolab/sound_recognition/recognition_application/tests/dataset_aldebaran_6sounds.tar.gz?dl=0_directory/DeskBell-023-Romeo.wav
Exception fs (44100) != self.fs (48000.0) detected on /home/lgeorge/fastSSD/projects/protolab/sound_recognition/recognition_application/tests/dataset_aldebaran_6sounds.tar.gz?dl=0_directory/DeskBell-024-Romeo.wav
CLF is SVC(C=1.0, cache_size=200, class_weight=None, coef0=0.0, degree=3, gamma=0.0,
  kernel=&apos;rbf&apos;, max_iter=-1, probability=True, random_state=None,
  shrinking=True, tol=0.001, verbose=False)
warning file /home/lgeorge/fastSSD/projects/protolab/sound_recognition/recognition_application/tests/dataset_aldebaran_6sounds.tar.gz?dl=0_directory/DeskBell-025-Romeo.wav, wrong fs 44100, using it.. please remove the file if you don&apos;t want
warning file /home/lgeorge/fastSSD/projects/protolab/sound_recognition/recognition_application/tests/dataset_aldebaran_6sounds.tar.gz?dl=0_directory/DeskBell-023-Romeo.wav, wrong fs 44100, using it.. please remove the file if you don&apos;t want
warning file /home/lgeorge/fastSSD/projects/protolab/sound_recognition/recognition_application/tests/dataset_aldebaran_6sounds.tar.gz?dl=0_directory/DeskBell-024-Romeo.wav, wrong fs 44100, using it.. please remove the file if you don&apos;t want
confidence threshold are {&apos;FireAlarmFr&apos;: 0.25, &apos;Applause&apos;: 0.24138669673040025, &apos;TacTac&apos;: 0.83999999999999997, &apos;DoorBell01&apos;: 0.60999999999999999, &apos;Whistle&apos;: 0.68000000000000005, &apos;DoorBell02&apos;: 0.24138669673040025, &apos;DeskBell&apos;: 0.33000000000000002}
confidence coefficients are {&apos;FireAlarmFr&apos;: 3.6, &apos;Applause&apos;: 3.7284573350170627, &apos;TacTac&apos;: 1.0714285714285714, &apos;DoorBell01&apos;: 1.4754098360655739, &apos;Whistle&apos;: 1.3235294117647058, &apos;DoorBell02&apos;: 3.7284573350170627, &apos;DeskBell&apos;: 2.727272727272727}
ignoring labels [], not present in learning dataset
</system-out><system-err>2015-09-01 16:10:20 URL:https://dl.dropboxusercontent.com/content_link/hVMimBLNLEbBo8AUvktL43yYmKeq3zNx2orIbopGN5tBTTAuOlOlK7nTPhinQoJ1 [47/47] -&gt; &quot;/home/lgeorge/fastSSD/projects/protolab/sound_recognition/recognition_application/tests/bell.csv?dl=0&quot; [1]
</system-err></testcase><testcase classname="tests.test_successive_detection.TestMultipleDetectionsWithCalibrationEuropythonDatasetSimpleBell" name="test_recall" time="0.000270843505859"><system-out>ignoring labels [], not present in learning dataset
considering only labels present in wavfile set([&apos;DeskBell&apos;])
</system-out></testcase><testcase classname="tests.test_successive_detection.TestMultipleDetectionsWithCalibrationEuropythonDatasetSimpleBell" name="test_setup" time="7.70092010498e-05"/></testsuite>